221119033651.837 INFO 'ansible_navigator.setup_logger' New ansible-navigator instance, logging initialized
221119033651.837 INFO 'ansible_navigator.setup_logger' New ansible-runner instance, logging initialized
221119033651.837 DEBUG 'ansible_navigator.main' Share directory '/usr/lib/python3.8/site-packages/share/ansible_navigator' not found (development path)
221119033651.837 DEBUG 'ansible_navigator.main' Share directory '/home/student/.local/share/ansible_navigator' not found (userbase)
221119033651.837 DEBUG 'ansible_navigator.main' Share directory '/usr/share/ansible_navigator' found (sys.prefix)
221119033651.837 DEBUG 'ansible_navigator.main' Default collection_doc_cache_path set to: /home/student/.cache/ansible-navigator/collection_doc_cache.db
221119033651.837 DEBUG 'ansible_navigator.main' EDITOR environment variable not set
221119033651.837 DEBUG 'ansible_navigator.main' Default editor_command set to: vi +{line_number} {filename}
221119033651.838 DEBUG 'ansible_navigator.main' No config file set by ANSIBLE_NAVIGATOR_CONFIG
221119033651.838 DEBUG 'ansible_navigator.main' Looking in /home/student
221119033651.838 DEBUG 'ansible_navigator.main' Looking for '/home/student/.ansible-navigator.yml', '/home/student/.ansible-navigator.yaml' and '/home/student/.ansible-navigator.json'
221119033651.838 DEBUG 'ansible_navigator.main' Found 0: 
221119033651.838 DEBUG 'ansible_navigator.main' Looking in /home/student/create_users_complex
221119033651.838 DEBUG 'ansible_navigator.main' Looking for '/home/student/create_users_complex/ansible-navigator.yml', '/home/student/create_users_complex/ansible-navigator.yaml' and '/home/student/create_users_complex/ansible-navigator.json'
221119033651.838 DEBUG 'ansible_navigator.main' Found 0: 
221119033651.838 DEBUG 'ansible_navigator.main' All found 0: 
221119033651.838 DEBUG 'ansible_navigator.main' Using: None
221119033651.838 DEBUG 'ansible_navigator.main' No valid settings file found, using all default values for settings.
221119033651.838 DEBUG 'ansible_navigator.main' Command provided: 'run create_users.yml -m stout --eei ee-supported-rhel8:2.0'
221119033651.838 DEBUG 'ansible_navigator.main' Completed post processing for ansible_runner_artifact_dir. (changed=False)
221119033651.838 DEBUG 'ansible_navigator.main' Completed post processing for ansible_runner_rotate_artifacts_count. (changed=False)
221119033651.838 DEBUG 'ansible_navigator.main' Completed post processing for ansible_runner_timeout. (changed=False)
221119033651.838 DEBUG 'ansible_navigator.main' Completed post processing for cmdline. (changed=False)
221119033651.838 DEBUG 'ansible_navigator.main' Completed post processing for collection_doc_cache_path. (changed=False)
221119033651.838 DEBUG 'ansible_navigator.main' Completed post processing for container_engine. (changed=True)
221119033651.838 DEBUG 'ansible_navigator.main'  before: 'auto'
221119033651.838 DEBUG 'ansible_navigator.main'  after: 'podman'
221119033651.838 DEBUG 'ansible_navigator.main' Completed post processing for display_color. (changed=False)
221119033651.838 DEBUG 'ansible_navigator.main' Completed post processing for editor_console. (changed=False)
221119033651.838 DEBUG 'ansible_navigator.main' Completed post processing for execution_environment. (changed=False)
221119033651.838 DEBUG 'ansible_navigator.main' Completed post processing for execution_environment_image. (changed=False)
221119033651.838 DEBUG 'ansible_navigator.main' Completed post processing for execution_environment_volume_mounts. (changed=False)
221119033651.838 DEBUG 'ansible_navigator.main' Completed post processing for help_config. (changed=False)
221119033651.838 DEBUG 'ansible_navigator.main' Completed post processing for help_doc. (changed=False)
221119033651.838 DEBUG 'ansible_navigator.main' Completed post processing for help_inventory. (changed=False)
221119033651.838 DEBUG 'ansible_navigator.main' Completed post processing for help_playbook. (changed=False)
221119033651.838 DEBUG 'ansible_navigator.main' Completed post processing for inventory. (changed=False)
221119033651.838 DEBUG 'ansible_navigator.main' Completed post processing for inventory_column. (changed=False)
221119033651.838 DEBUG 'ansible_navigator.main' Completed post processing for log_append. (changed=False)
221119033651.838 DEBUG 'ansible_navigator.main' Completed post processing for log_file. (changed=False)
221119033651.838 DEBUG 'ansible_navigator.main' Completed post processing for mode. (changed=False)
221119033651.838 DEBUG 'ansible_navigator.main' Completed post processing for osc4. (changed=False)
221119033651.838 DEBUG 'ansible_navigator.main' Completed post processing for pass_environment_variable. (changed=False)
221119033651.838 DEBUG 'ansible_navigator.main' Completed post processing for playbook. (changed=True)
221119033651.838 DEBUG 'ansible_navigator.main'  before: 'create_users.yml'
221119033651.838 DEBUG 'ansible_navigator.main'  after: '/home/student/create_users_complex/create_users.yml'
221119033651.838 DEBUG 'ansible_navigator.main' Completed post processing for playbook_artifact_enable. (changed=False)
221119033651.838 DEBUG 'ansible_navigator.main' Completed post processing for playbook_artifact_replay. (changed=False)
221119033651.838 DEBUG 'ansible_navigator.main' Completed post processing for plugin_name. (changed=False)
221119033651.838 DEBUG 'ansible_navigator.main' Completed post processing for set_environment_variable. (changed=False)
221119033651.838 WARNING 'ansible_navigator.main' Configuration errors encountered, rolling back to previous configuration.
221119033651.838 DEBUG 'ansible_navigator.main' Prior to rollback: ansible_runner_artifact_dir = 'Constants.NOT_SET' (Constants/value has not been set)
221119033651.838 DEBUG 'ansible_navigator.main' Prior to rollback: ansible_runner_rotate_artifacts_count = 'Constants.NOT_SET' (Constants/value has not been set)
221119033651.838 DEBUG 'ansible_navigator.main' Prior to rollback: ansible_runner_timeout = 'Constants.NOT_SET' (Constants/value has not been set)
221119033651.838 DEBUG 'ansible_navigator.main' Prior to rollback: app = 'run' (str/cli parameters)
221119033651.838 DEBUG 'ansible_navigator.main' Prior to rollback: cmdline = 'Constants.NOT_SET' (Constants/value has not been set)
221119033651.838 DEBUG 'ansible_navigator.main' Prior to rollback: collection_doc_cache_path = '/home/student/.cache/ansible-navigator/collection_doc_cache.db' (str/default configuration value)
221119033651.838 DEBUG 'ansible_navigator.main' Prior to rollback: config = 'Constants.NOT_SET' (Constants/value has not been set)
221119033651.838 DEBUG 'ansible_navigator.main' Prior to rollback: container_engine = 'podman' (str/default configuration value)
221119033651.838 DEBUG 'ansible_navigator.main' Prior to rollback: display_color = 'True' (bool/default configuration value)
221119033651.839 DEBUG 'ansible_navigator.main' Prior to rollback: editor_command = 'vi +{line_number} {filename}' (str/default configuration value)
221119033651.839 DEBUG 'ansible_navigator.main' Prior to rollback: editor_console = 'True' (bool/default configuration value)
221119033651.839 DEBUG 'ansible_navigator.main' Prior to rollback: execution_environment = 'True' (bool/default configuration value)
221119033651.839 DEBUG 'ansible_navigator.main' Prior to rollback: execution_environment_image = 'ee-supported-rhel8:2.0' (str/cli parameters)
221119033651.839 DEBUG 'ansible_navigator.main' Prior to rollback: execution_environment_volume_mounts = 'Constants.NOT_SET' (Constants/value has not been set)
221119033651.839 DEBUG 'ansible_navigator.main' Prior to rollback: help_config = 'False' (bool/default configuration value)
221119033651.839 DEBUG 'ansible_navigator.main' Prior to rollback: help_doc = 'False' (bool/default configuration value)
221119033651.839 DEBUG 'ansible_navigator.main' Prior to rollback: help_inventory = 'False' (bool/default configuration value)
221119033651.839 DEBUG 'ansible_navigator.main' Prior to rollback: help_playbook = 'False' (bool/default configuration value)
221119033651.839 DEBUG 'ansible_navigator.main' Prior to rollback: inventory = 'Constants.NOT_SET' (Constants/value has not been set)
221119033651.839 DEBUG 'ansible_navigator.main' Prior to rollback: inventory_column = 'Constants.NOT_SET' (Constants/value has not been set)
221119033651.839 DEBUG 'ansible_navigator.main' Prior to rollback: log_append = 'True' (bool/default configuration value)
221119033651.839 DEBUG 'ansible_navigator.main' Prior to rollback: log_file = '/home/student/create_users_complex/ansible-navigator.log' (str/default configuration value)
221119033651.839 DEBUG 'ansible_navigator.main' Prior to rollback: log_level = 'warning' (str/default configuration value)
221119033651.839 DEBUG 'ansible_navigator.main' Prior to rollback: mode = 'stout' (str/cli parameters)
221119033651.839 DEBUG 'ansible_navigator.main' Prior to rollback: osc4 = 'True' (bool/default configuration value)
221119033651.839 DEBUG 'ansible_navigator.main' Prior to rollback: pass_environment_variable = 'Constants.NOT_SET' (Constants/value has not been set)
221119033651.839 DEBUG 'ansible_navigator.main' Prior to rollback: playbook = '/home/student/create_users_complex/create_users.yml' (str/cli parameters)
221119033651.839 DEBUG 'ansible_navigator.main' Prior to rollback: playbook_artifact_enable = 'True' (bool/default configuration value)
221119033651.839 DEBUG 'ansible_navigator.main' Prior to rollback: playbook_artifact_replay = 'Constants.NOT_SET' (Constants/value has not been set)
221119033651.839 DEBUG 'ansible_navigator.main' Prior to rollback: playbook_artifact_save_as = '{playbook_dir}/{playbook_name}-artifact-{ts_utc}.json' (str/default configuration value)
221119033651.839 DEBUG 'ansible_navigator.main' Prior to rollback: plugin_name = 'Constants.NOT_SET' (Constants/value has not been set)
221119033651.839 DEBUG 'ansible_navigator.main' Prior to rollback: plugin_type = 'module' (str/default configuration value)
221119033651.839 DEBUG 'ansible_navigator.main' Prior to rollback: pull_policy = 'tag' (str/default configuration value)
221119033651.839 DEBUG 'ansible_navigator.main' Prior to rollback: set_environment_variable = 'Constants.NOT_SET' (Constants/value has not been set)
221119033651.839 DEBUG 'ansible_navigator.main' After rollback: ansible_runner_artifact_dir = 'Constants.NOT_SET' (Constants/value has not been set)
221119033651.839 DEBUG 'ansible_navigator.main' After rollback: ansible_runner_rotate_artifacts_count = 'Constants.NOT_SET' (Constants/value has not been set)
221119033651.839 DEBUG 'ansible_navigator.main' After rollback: ansible_runner_timeout = 'Constants.NOT_SET' (Constants/value has not been set)
221119033651.839 DEBUG 'ansible_navigator.main' After rollback: app = 'Constants.NOT_SET' (Constants/value has not been set)
221119033651.839 DEBUG 'ansible_navigator.main' After rollback: cmdline = 'Constants.NOT_SET' (Constants/value has not been set)
221119033651.839 DEBUG 'ansible_navigator.main' After rollback: collection_doc_cache_path = 'Constants.NOT_SET' (Constants/value has not been set)
221119033651.839 DEBUG 'ansible_navigator.main' After rollback: config = 'Constants.NOT_SET' (Constants/value has not been set)
221119033651.839 DEBUG 'ansible_navigator.main' After rollback: container_engine = 'Constants.NOT_SET' (Constants/value has not been set)
221119033651.839 DEBUG 'ansible_navigator.main' After rollback: display_color = 'Constants.NOT_SET' (Constants/value has not been set)
221119033651.839 DEBUG 'ansible_navigator.main' After rollback: editor_command = 'Constants.NOT_SET' (Constants/value has not been set)
221119033651.839 DEBUG 'ansible_navigator.main' After rollback: editor_console = 'Constants.NOT_SET' (Constants/value has not been set)
221119033651.839 DEBUG 'ansible_navigator.main' After rollback: execution_environment = 'Constants.NOT_SET' (Constants/value has not been set)
221119033651.839 DEBUG 'ansible_navigator.main' After rollback: execution_environment_image = 'Constants.NOT_SET' (Constants/value has not been set)
221119033651.839 DEBUG 'ansible_navigator.main' After rollback: execution_environment_volume_mounts = 'Constants.NOT_SET' (Constants/value has not been set)
221119033651.839 DEBUG 'ansible_navigator.main' After rollback: help_config = 'Constants.NOT_SET' (Constants/value has not been set)
221119033651.839 DEBUG 'ansible_navigator.main' After rollback: help_doc = 'Constants.NOT_SET' (Constants/value has not been set)
221119033651.839 DEBUG 'ansible_navigator.main' After rollback: help_inventory = 'Constants.NOT_SET' (Constants/value has not been set)
221119033651.839 DEBUG 'ansible_navigator.main' After rollback: help_playbook = 'Constants.NOT_SET' (Constants/value has not been set)
221119033651.839 DEBUG 'ansible_navigator.main' After rollback: inventory = 'Constants.NOT_SET' (Constants/value has not been set)
221119033651.839 DEBUG 'ansible_navigator.main' After rollback: inventory_column = 'Constants.NOT_SET' (Constants/value has not been set)
221119033651.839 DEBUG 'ansible_navigator.main' After rollback: log_append = 'Constants.NOT_SET' (Constants/value has not been set)
221119033651.839 DEBUG 'ansible_navigator.main' After rollback: log_file = 'Constants.NOT_SET' (Constants/value has not been set)
221119033651.839 DEBUG 'ansible_navigator.main' After rollback: log_level = 'Constants.NOT_SET' (Constants/value has not been set)
221119033651.839 DEBUG 'ansible_navigator.main' After rollback: mode = 'Constants.NOT_SET' (Constants/value has not been set)
221119033651.839 DEBUG 'ansible_navigator.main' After rollback: osc4 = 'Constants.NOT_SET' (Constants/value has not been set)
221119033651.839 DEBUG 'ansible_navigator.main' After rollback: pass_environment_variable = 'Constants.NOT_SET' (Constants/value has not been set)
221119033651.839 DEBUG 'ansible_navigator.main' After rollback: playbook = 'Constants.NOT_SET' (Constants/value has not been set)
221119033651.839 DEBUG 'ansible_navigator.main' After rollback: playbook_artifact_enable = 'Constants.NOT_SET' (Constants/value has not been set)
221119033651.840 DEBUG 'ansible_navigator.main' After rollback: playbook_artifact_replay = 'Constants.NOT_SET' (Constants/value has not been set)
221119033651.840 DEBUG 'ansible_navigator.main' After rollback: playbook_artifact_save_as = 'Constants.NOT_SET' (Constants/value has not been set)
221119033651.840 DEBUG 'ansible_navigator.main' After rollback: plugin_name = 'Constants.NOT_SET' (Constants/value has not been set)
221119033651.840 DEBUG 'ansible_navigator.main' After rollback: plugin_type = 'Constants.NOT_SET' (Constants/value has not been set)
221119033651.840 DEBUG 'ansible_navigator.main' After rollback: pull_policy = 'Constants.NOT_SET' (Constants/value has not been set)
221119033651.840 DEBUG 'ansible_navigator.main' After rollback: set_environment_variable = 'Constants.NOT_SET' (Constants/value has not been set)
221119033651.840 DEBUG 'ansible_navigator.main' Configuration rollback complete.
221119033651.840 ERROR 'ansible_navigator.main' Command provided: 'run create_users.yml -m stout --eei ee-supported-rhel8:2.0'
221119033651.840 ERROR 'ansible_navigator.main' Subcommand 'run' does not support mode 'stout'. Supported modes: 'stdout' and 'interactive'.
221119033651.840 INFO 'ansible_navigator.main' Try again with '-m stdout' or '-m interactive'
221119033651.840 ERROR 'ansible_navigator.main' mode must be one of 'stdout' or 'interactive', but set as 'stout' in cli parameters
221119033651.840 INFO 'ansible_navigator.main' Try again with '-m stdout' or '-m interactive'
221119033651.840 ERROR 'ansible_navigator.main' Configuration failed, using default log file location: /home/student/create_users_complex/ansible-navigator.log. Log level set to debug
221119033651.840 INFO 'ansible_navigator.main' Review the hints and log file to see what went wrong: /home/student/create_users_complex/ansible-navigator.log
